14:53:46.620 [main] INFO  BaseClass - User clicks on guest button and then on adults....
14:54:03.742 [main] DEBUG org.apache.poi.openxml4j.opc.ZipPackage - Save core properties part
14:54:03.743 [main] DEBUG org.apache.poi.openxml4j.opc.ZipPackage - Save content types part
14:54:04.560 [main] DEBUG org.apache.poi.openxml4j.opc.ZipPackage - Save package relationships
14:54:04.614 [main] DEBUG org.apache.poi.openxml4j.opc.ZipPackage - Save part 'docProps/app.xml'
14:54:04.682 [main] DEBUG org.apache.poi.openxml4j.opc.ZipPackage - Save part 'docProps/core.xml'
14:54:04.715 [main] DEBUG org.apache.poi.openxml4j.opc.ZipPackage - Save part 'xl/sharedStrings.xml'
14:54:04.717 [main] DEBUG org.apache.poi.openxml4j.opc.ZipPackage - Save part 'xl/styles.xml'
14:54:04.723 [main] DEBUG org.apache.poi.openxml4j.opc.ZipPackage - Save part 'xl/workbook.xml'
14:54:04.767 [main] DEBUG org.apache.poi.openxml4j.opc.ZipPackage - Save part 'xl/worksheets/sheet1.xml'
14:54:04.909 [main] DEBUG org.apache.poi.openxml4j.opc.ZipPackage - Save content types part
14:54:04.913 [main] DEBUG org.apache.poi.openxml4j.opc.ZipPackage - Save package relationships
14:54:04.926 [main] DEBUG org.apache.poi.openxml4j.opc.ZipPackage - Save part 'docProps/app.xml'
14:54:04.927 [main] DEBUG org.apache.poi.openxml4j.opc.ZipPackage - Save part 'docProps/core.xml'
14:54:04.932 [main] DEBUG org.apache.poi.openxml4j.opc.ZipPackage - Save part 'xl/sharedStrings.xml'
14:54:04.933 [main] DEBUG org.apache.poi.openxml4j.opc.ZipPackage - Save part 'xl/styles.xml'
14:54:04.937 [main] DEBUG org.apache.poi.openxml4j.opc.ZipPackage - Save part 'xl/workbook.xml'
14:54:04.943 [main] DEBUG org.apache.poi.openxml4j.opc.ZipPackage - Save part 'xl/worksheets/sheet1.xml'
14:54:04.946 [main] INFO  BaseClass - get the list of number of adults and print it....
14:57:23.417 [main] DEBUG BaseClass - The user launched the webpage.....
14:57:25.397 [main] DEBUG BaseClass - User clicks on cab....
14:57:31.064 [main] DEBUG BaseClass - User enters from and to locations....
14:57:36.888 [main] INFO  BaseClass - User enters date and time and click on search....
14:57:39.842 [main] INFO  BaseClass - User selects car type as SUV....
14:57:40.350 [main] INFO  BaseClass - User prints the lowest car price....
14:58:01.270 [main] INFO  BaseClass - User clicks on more tab and selects Giftcard option....
14:58:05.173 [main] INFO  BaseClass - User selects wedding gift card and selects Email option....
14:58:06.401 [main] INFO  BaseClass - Scrolll to that field and enter invalid email....
14:58:07.372 [main] INFO  BaseClass - click on buy now and capture the error message....
14:58:07.721 [main] INFO  BaseClass - User prints the error message....
14:58:08.776 [main] INFO  BaseClass - User clicks on Hotels tab....
14:58:10.725 [main] INFO  BaseClass - User clicks on guest button and then on adults....
14:58:23.586 [main] DEBUG org.apache.poi.openxml4j.opc.ZipPackage - Save core properties part
14:58:23.587 [main] DEBUG org.apache.poi.openxml4j.opc.ZipPackage - Save content types part
14:58:24.000 [main] DEBUG org.apache.poi.openxml4j.opc.ZipPackage - Save package relationships
14:58:24.040 [main] DEBUG org.apache.poi.openxml4j.opc.ZipPackage - Save part 'docProps/app.xml'
14:58:24.068 [main] DEBUG org.apache.poi.openxml4j.opc.ZipPackage - Save part 'docProps/core.xml'
14:58:24.092 [main] DEBUG org.apache.poi.openxml4j.opc.ZipPackage - Save part 'xl/sharedStrings.xml'
14:58:24.093 [main] DEBUG org.apache.poi.openxml4j.opc.ZipPackage - Save part 'xl/styles.xml'
14:58:24.095 [main] DEBUG org.apache.poi.openxml4j.opc.ZipPackage - Save part 'xl/workbook.xml'
14:58:24.125 [main] DEBUG org.apache.poi.openxml4j.opc.ZipPackage - Save part 'xl/worksheets/sheet1.xml'
14:58:24.162 [main] DEBUG org.apache.poi.openxml4j.opc.ZipPackage - Save content types part
14:58:24.167 [main] DEBUG org.apache.poi.openxml4j.opc.ZipPackage - Save package relationships
14:58:24.171 [main] DEBUG org.apache.poi.openxml4j.opc.ZipPackage - Save part 'docProps/app.xml'
14:58:24.172 [main] DEBUG org.apache.poi.openxml4j.opc.ZipPackage - Save part 'docProps/core.xml'
14:58:24.176 [main] DEBUG org.apache.poi.openxml4j.opc.ZipPackage - Save part 'xl/sharedStrings.xml'
14:58:24.177 [main] DEBUG org.apache.poi.openxml4j.opc.ZipPackage - Save part 'xl/styles.xml'
14:58:24.179 [main] DEBUG org.apache.poi.openxml4j.opc.ZipPackage - Save part 'xl/workbook.xml'
14:58:24.186 [main] DEBUG org.apache.poi.openxml4j.opc.ZipPackage - Save part 'xl/worksheets/sheet1.xml'
14:58:24.194 [main] INFO  BaseClass - get the list of number of adults and print it....
10:24:34.545 [main] INFO  BaseClass - The user launched the webpage.....
10:24:36.360 [main] INFO  BaseClass - User clicks on cab....
10:24:42.678 [main] INFO  BaseClass - User enters from and to locations....
10:24:50.250 [main] INFO  BaseClass - User enters date and time and click on search....
10:24:51.622 [main] INFO  BaseClass - User selects car type as SUV....
