13:24:54.499 [main] DEBUG BaseClass - The user launched the webpage.....
13:24:55.434 [main] DEBUG BaseClass - User clicks on cab....
13:25:01.163 [main] DEBUG BaseClass - User enters from and to locations....
13:25:34.506 [main] INFO  BaseClass - User enters date and time and click on search....
13:25:34.812 [main] INFO  BaseClass - User selects car type as SUV....
13:25:34.874 [main] INFO  BaseClass - User prints the lowest car price....
13:25:57.698 [main] INFO  BaseClass - User clicks on more tab and selects Giftcard option....
13:26:00.395 [main] INFO  BaseClass - User selects wedding gift card and selects Email option....
13:26:01.192 [main] INFO  BaseClass - Scrolll to that field and enter invalid email....
13:26:01.618 [main] INFO  BaseClass - click on buy now and capture the error message....
13:26:01.620 [main] INFO  BaseClass - User prints the error message....
13:26:02.124 [main] INFO  BaseClass - User clicks on Hotels tab....
13:26:03.024 [main] INFO  BaseClass - User clicks on guest button and then on adults....
13:26:09.842 [main] DEBUG org.apache.poi.openxml4j.opc.ZipPackage - Save core properties part
13:26:09.842 [main] DEBUG org.apache.poi.openxml4j.opc.ZipPackage - Save content types part
13:26:10.150 [main] DEBUG org.apache.poi.openxml4j.opc.ZipPackage - Save package relationships
13:26:10.170 [main] DEBUG org.apache.poi.openxml4j.opc.ZipPackage - Save part 'docProps/app.xml'
13:26:10.183 [main] DEBUG org.apache.poi.openxml4j.opc.ZipPackage - Save part 'docProps/core.xml'
13:26:10.210 [main] DEBUG org.apache.poi.openxml4j.opc.ZipPackage - Save part 'xl/sharedStrings.xml'
13:26:10.211 [main] DEBUG org.apache.poi.openxml4j.opc.ZipPackage - Save part 'xl/styles.xml'
13:26:10.213 [main] DEBUG org.apache.poi.openxml4j.opc.ZipPackage - Save part 'xl/workbook.xml'
13:26:10.219 [main] DEBUG org.apache.poi.openxml4j.opc.ZipPackage - Save part 'xl/worksheets/sheet1.xml'
13:26:10.240 [main] DEBUG org.apache.poi.openxml4j.opc.ZipPackage - Save content types part
13:26:10.244 [main] DEBUG org.apache.poi.openxml4j.opc.ZipPackage - Save package relationships
13:26:10.248 [main] DEBUG org.apache.poi.openxml4j.opc.ZipPackage - Save part 'docProps/app.xml'
13:26:10.249 [main] DEBUG org.apache.poi.openxml4j.opc.ZipPackage - Save part 'docProps/core.xml'
13:26:10.255 [main] DEBUG org.apache.poi.openxml4j.opc.ZipPackage - Save part 'xl/sharedStrings.xml'
13:26:10.256 [main] DEBUG org.apache.poi.openxml4j.opc.ZipPackage - Save part 'xl/styles.xml'
13:26:10.257 [main] DEBUG org.apache.poi.openxml4j.opc.ZipPackage - Save part 'xl/workbook.xml'
13:26:10.261 [main] DEBUG org.apache.poi.openxml4j.opc.ZipPackage - Save part 'xl/worksheets/sheet1.xml'
13:26:10.263 [main] INFO  BaseClass - get the list of number of adults and print it....
14:11:21.968 [main] DEBUG BaseClass - The user launched the webpage.....
14:11:22.430 [main] DEBUG BaseClass - User clicks on cab....
14:11:27.337 [main] DEBUG BaseClass - User enters from and to locations....
14:11:32.044 [main] INFO  BaseClass - User enters date and time and click on search....
14:11:33.984 [main] INFO  BaseClass - User selects car type as SUV....
14:11:34.080 [main] INFO  BaseClass - User prints the lowest car price....
14:11:36.384 [main] INFO  BaseClass - User clicks on more tab and selects Giftcard option....
14:11:38.260 [main] INFO  BaseClass - User selects wedding gift card and selects Email option....
14:11:38.905 [main] INFO  BaseClass - Scrolll to that field and enter invalid email....
14:11:39.455 [main] INFO  BaseClass - click on buy now and capture the error message....
14:11:39.457 [main] INFO  BaseClass - User prints the error message....
14:11:39.973 [main] INFO  BaseClass - User clicks on Hotels tab....
14:11:41.535 [main] INFO  BaseClass - User clicks on guest button and then on adults....
14:11:49.160 [main] DEBUG org.apache.poi.openxml4j.opc.ZipPackage - Save core properties part
14:11:49.161 [main] DEBUG org.apache.poi.openxml4j.opc.ZipPackage - Save content types part
14:11:49.608 [main] DEBUG org.apache.poi.openxml4j.opc.ZipPackage - Save package relationships
14:11:49.631 [main] DEBUG org.apache.poi.openxml4j.opc.ZipPackage - Save part 'docProps/app.xml'
14:11:49.642 [main] DEBUG org.apache.poi.openxml4j.opc.ZipPackage - Save part 'docProps/core.xml'
14:11:49.673 [main] DEBUG org.apache.poi.openxml4j.opc.ZipPackage - Save part 'xl/sharedStrings.xml'
14:11:49.674 [main] DEBUG org.apache.poi.openxml4j.opc.ZipPackage - Save part 'xl/styles.xml'
14:11:49.675 [main] DEBUG org.apache.poi.openxml4j.opc.ZipPackage - Save part 'xl/workbook.xml'
14:11:49.680 [main] DEBUG org.apache.poi.openxml4j.opc.ZipPackage - Save part 'xl/worksheets/sheet1.xml'
14:11:49.696 [main] DEBUG org.apache.poi.openxml4j.opc.ZipPackage - Save content types part
14:11:49.700 [main] DEBUG org.apache.poi.openxml4j.opc.ZipPackage - Save package relationships
14:11:49.703 [main] DEBUG org.apache.poi.openxml4j.opc.ZipPackage - Save part 'docProps/app.xml'
