10:24:52.134 [main] INFO  BaseClass - User prints the lowest car price....
10:24:57.784 [main] INFO  BaseClass - User clicks on more tab and selects Giftcard option....
10:25:01.301 [main] INFO  BaseClass - User selects wedding gift card and selects Email option....
10:25:03.108 [main] INFO  BaseClass - Scrolll to that field and enter invalid email....
10:25:04.295 [main] INFO  BaseClass - click on buy now and capture the error message....
10:25:04.687 [main] INFO  BaseClass - User prints the error message....
10:25:06.352 [main] INFO  BaseClass - User clicks on Hotels tab....
10:25:08.496 [main] INFO  BaseClass - User clicks on guest button and then on adults....
10:25:31.741 [main] DEBUG org.apache.poi.openxml4j.opc.ZipPackage - Save core properties part
10:25:31.741 [main] DEBUG org.apache.poi.openxml4j.opc.ZipPackage - Save content types part
10:25:32.871 [main] DEBUG org.apache.poi.openxml4j.opc.ZipPackage - Save package relationships
10:25:32.929 [main] DEBUG org.apache.poi.openxml4j.opc.ZipPackage - Save part 'docProps/app.xml'
10:25:33.027 [main] DEBUG org.apache.poi.openxml4j.opc.ZipPackage - Save part 'docProps/core.xml'
10:25:33.055 [main] DEBUG org.apache.poi.openxml4j.opc.ZipPackage - Save part 'xl/sharedStrings.xml'
10:25:33.056 [main] DEBUG org.apache.poi.openxml4j.opc.ZipPackage - Save part 'xl/styles.xml'
10:25:33.083 [main] DEBUG org.apache.poi.openxml4j.opc.ZipPackage - Save part 'xl/workbook.xml'
10:25:33.098 [main] DEBUG org.apache.poi.openxml4j.opc.ZipPackage - Save part 'xl/worksheets/sheet1.xml'
10:25:33.172 [main] DEBUG org.apache.poi.openxml4j.opc.ZipPackage - Save content types part
10:25:33.176 [main] DEBUG org.apache.poi.openxml4j.opc.ZipPackage - Save package relationships
10:25:33.190 [main] DEBUG org.apache.poi.openxml4j.opc.ZipPackage - Save part 'docProps/app.xml'
10:25:33.191 [main] DEBUG org.apache.poi.openxml4j.opc.ZipPackage - Save part 'docProps/core.xml'
10:25:33.202 [main] DEBUG org.apache.poi.openxml4j.opc.ZipPackage - Save part 'xl/sharedStrings.xml'
10:25:33.204 [main] DEBUG org.apache.poi.openxml4j.opc.ZipPackage - Save part 'xl/styles.xml'
10:25:33.205 [main] DEBUG org.apache.poi.openxml4j.opc.ZipPackage - Save part 'xl/workbook.xml'
10:25:33.215 [main] DEBUG org.apache.poi.openxml4j.opc.ZipPackage - Save part 'xl/worksheets/sheet1.xml'
10:25:33.222 [main] INFO  BaseClass - get the list of number of adults and print it....
15:11:03.916 [main] INFO  BaseClass - The user launched the webpage.....
15:11:05.810 [main] INFO  BaseClass - User clicks on cab....
15:11:11.722 [main] INFO  BaseClass - User enters from and to locations....
15:11:21.794 [main] INFO  BaseClass - User enters date and time and click on search....
15:11:22.938 [main] INFO  BaseClass - User selects car type as SUV....
15:11:23.545 [main] INFO  BaseClass - User prints the lowest car price....
15:11:29.004 [main] INFO  BaseClass - User clicks on more tab and selects Giftcard option....
15:11:32.626 [main] INFO  BaseClass - User selects wedding gift card and selects Email option....
15:11:34.929 [main] INFO  BaseClass - Scrolll to that field and enter invalid email....
15:11:35.986 [main] INFO  BaseClass - click on buy now and capture the error message....
15:11:36.332 [main] INFO  BaseClass - User prints the error message....
15:11:37.609 [main] INFO  BaseClass - User clicks on Hotels tab....
15:11:40.737 [main] INFO  BaseClass - User clicks on guest button and then on adults....
15:11:52.045 [main] DEBUG org.apache.poi.openxml4j.opc.ZipPackage - Save core properties part
15:11:52.049 [main] DEBUG org.apache.poi.openxml4j.opc.ZipPackage - Save content types part
15:11:52.394 [main] DEBUG org.apache.poi.openxml4j.opc.ZipPackage - Save package relationships
15:11:52.423 [main] DEBUG org.apache.poi.openxml4j.opc.ZipPackage - Save part 'docProps/app.xml'
15:11:52.443 [main] DEBUG org.apache.poi.openxml4j.opc.ZipPackage - Save part 'docProps/core.xml'
15:11:52.467 [main] DEBUG org.apache.poi.openxml4j.opc.ZipPackage - Save part 'xl/sharedStrings.xml'
15:11:52.468 [main] DEBUG org.apache.poi.openxml4j.opc.ZipPackage - Save part 'xl/styles.xml'
15:11:52.469 [main] DEBUG org.apache.poi.openxml4j.opc.ZipPackage - Save part 'xl/workbook.xml'
15:11:52.476 [main] DEBUG org.apache.poi.openxml4j.opc.ZipPackage - Save part 'xl/worksheets/sheet1.xml'
15:11:52.490 [main] DEBUG org.apache.poi.openxml4j.opc.ZipPackage - Save content types part
15:11:52.494 [main] DEBUG org.apache.poi.openxml4j.opc.ZipPackage - Save package relationships
15:11:52.501 [main] DEBUG org.apache.poi.openxml4j.opc.ZipPackage - Save part 'docProps/app.xml'
15:11:52.502 [main] DEBUG org.apache.poi.openxml4j.opc.ZipPackage - Save part 'docProps/core.xml'
15:11:52.507 [main] DEBUG org.apache.poi.openxml4j.opc.ZipPackage - Save part 'xl/sharedStrings.xml'
15:11:52.508 [main] DEBUG org.apache.poi.openxml4j.opc.ZipPackage - Save part 'xl/styles.xml'
15:11:52.509 [main] DEBUG org.apache.poi.openxml4j.opc.ZipPackage - Save part 'xl/workbook.xml'
