15:11:52.514 [main] DEBUG org.apache.poi.openxml4j.opc.ZipPackage - Save part 'xl/worksheets/sheet1.xml'
15:11:52.540 [main] INFO  BaseClass - get the list of number of adults and print it....
15:23:47.853 [main] INFO  BaseClass - The user launched the webpage.....
15:23:50.179 [main] INFO  BaseClass - User clicks on cab....
15:23:57.345 [main] INFO  BaseClass - User enters from and to locations....
15:24:10.479 [main] INFO  BaseClass - User enters date and time and click on search....
15:24:11.480 [main] INFO  BaseClass - User selects car type as SUV....
15:24:12.200 [main] INFO  BaseClass - User prints the lowest car price....
15:24:18.050 [main] INFO  BaseClass - User clicks on more tab and selects Giftcard option....
15:24:21.872 [main] INFO  BaseClass - User selects wedding gift card and selects Email option....
15:24:23.827 [main] INFO  BaseClass - Scrolll to that field and enter invalid email....
15:24:25.301 [main] INFO  BaseClass - click on buy now and capture the error message....
15:24:25.796 [main] INFO  BaseClass - User prints the error message....
15:24:28.142 [main] INFO  BaseClass - User clicks on Hotels tab....
15:24:31.716 [main] INFO  BaseClass - User clicks on guest button and then on adults....
15:24:48.919 [main] INFO  BaseClass - get the list of number of adults and print it....
10:48:56.119 [main] INFO  BaseClass - The user launched the webpage.....
10:48:58.034 [main] INFO  BaseClass - User clicks on cab....
10:49:03.586 [main] INFO  BaseClass - User enters from and to locations....
10:49:12.581 [main] INFO  BaseClass - User enters date and time and click on search....
10:49:16.775 [main] INFO  BaseClass - User selects car type as SUV....
10:49:17.373 [main] INFO  BaseClass - User prints the lowest car price....
10:49:23.671 [main] INFO  BaseClass - User clicks on more tab and selects Giftcard option....
10:49:27.567 [main] INFO  BaseClass - User selects wedding gift card and selects Email option....
10:49:29.535 [main] INFO  BaseClass - Scrolll to that field and enter invalid email....
10:49:31.398 [main] INFO  BaseClass - click on buy now and capture the error message....
10:49:31.818 [main] INFO  BaseClass - User prints the error message....
10:49:32.970 [main] INFO  BaseClass - User clicks on Hotels tab....
10:49:35.498 [main] INFO  BaseClass - User clicks on guest button and then on adults....
10:49:47.434 [main] INFO  BaseClass - get the list of number of adults and print it....
15:00:19.369 [main] INFO  BaseClass - The user launched the webpage.....
15:00:20.574 [main] INFO  BaseClass - User clicks on cab....
15:00:24.508 [main] INFO  BaseClass - User enters from and to locations....
15:01:16.502 [main] INFO  BaseClass - User enters date and time and click on search....
15:01:16.997 [main] INFO  BaseClass - User selects car type as SUV....
15:01:17.293 [main] INFO  BaseClass - User prints the lowest car price....
15:01:40.314 [main] INFO  BaseClass - User clicks on more tab and selects Giftcard option....
15:01:44.227 [main] INFO  BaseClass - User selects wedding gift card and selects Email option....
15:01:45.025 [main] INFO  BaseClass - Scrolll to that field and enter invalid email....
15:01:45.699 [main] INFO  BaseClass - click on buy now and capture the error message....
15:01:45.986 [main] INFO  BaseClass - User prints the error message....
15:01:46.617 [main] INFO  BaseClass - User clicks on Hotels tab....
15:01:47.356 [main] INFO  BaseClass - User clicks on guest button and then on adults....
15:01:53.226 [main] INFO  BaseClass - get the list of number of adults and print it....
15:09:11.075 [main] INFO  BaseClass - The user launched the webpage.....
15:09:12.265 [main] INFO  BaseClass - User clicks on cab....
15:09:16.318 [main] INFO  BaseClass - User enters from and to locations....
15:09:43.090 [main] INFO  BaseClass - User enters date and time and click on search....
15:11:10.250 [main] INFO  BaseClass - The user launched the webpage.....
15:11:11.575 [main] INFO  BaseClass - User clicks on cab....
15:11:32.709 [main] INFO  BaseClass - User enters from and to locations....
15:12:15.045 [main] INFO  BaseClass - User enters date and time and click on search....
15:12:15.521 [main] INFO  BaseClass - User selects car type as SUV....
15:12:15.832 [main] INFO  BaseClass - User prints the lowest car price....
15:12:39.365 [main] INFO  BaseClass - User clicks on more tab and selects Giftcard option....
15:19:31.744 [main] INFO  BaseClass - The user launched the webpage.....
15:19:32.931 [main] INFO  BaseClass - User clicks on cab....
15:19:37.064 [main] INFO  BaseClass - User enters from and to locations....
15:20:38.622 [main] INFO  BaseClass - User clicks on Hotels tab....
15:20:39.401 [main] INFO  BaseClass - User clicks on guest button and then on adults....
15:20:46.020 [main] INFO  BaseClass - get the list of number of adults and print it....
15:22:59.240 [main] INFO  BaseClass - The user launched the webpage.....
