10:06:33.068 [main] DEBUG org.apache.poi.openxml4j.opc.ZipPackage - Save part 'xl/styles.xml'
10:06:33.098 [main] DEBUG org.apache.poi.openxml4j.opc.ZipPackage - Save part 'xl/workbook.xml'
10:06:33.103 [main] DEBUG org.apache.poi.openxml4j.opc.ZipPackage - Save part 'xl/worksheets/sheet1.xml'
10:06:33.111 [main] DEBUG org.apache.poi.openxml4j.opc.ZipPackage - Save content types part
10:06:33.115 [main] DEBUG org.apache.poi.openxml4j.opc.ZipPackage - Save package relationships
10:06:33.118 [main] DEBUG org.apache.poi.openxml4j.opc.ZipPackage - Save part 'docProps/app.xml'
10:06:33.120 [main] DEBUG org.apache.poi.openxml4j.opc.ZipPackage - Save part 'docProps/core.xml'
10:06:33.124 [main] DEBUG org.apache.poi.openxml4j.opc.ZipPackage - Save part 'xl/sharedStrings.xml'
10:06:33.125 [main] DEBUG org.apache.poi.openxml4j.opc.ZipPackage - Save part 'xl/styles.xml'
10:06:33.126 [main] DEBUG org.apache.poi.openxml4j.opc.ZipPackage - Save part 'xl/workbook.xml'
10:06:33.130 [main] DEBUG org.apache.poi.openxml4j.opc.ZipPackage - Save part 'xl/worksheets/sheet1.xml'
10:06:33.132 [main] INFO  BaseClass - get the list of number of adults and print it....
10:34:09.206 [main] DEBUG BaseClass - The user launched the webpage.....
10:34:10.436 [main] DEBUG BaseClass - User clicks on cab....
10:34:16.419 [main] DEBUG BaseClass - User enters from and to locations....
10:34:51.384 [main] INFO  BaseClass - User enters date and time and click on search....
10:34:52.000 [main] INFO  BaseClass - User selects car type as SUV....
10:34:52.377 [main] INFO  BaseClass - User prints the lowest car price....
10:35:16.675 [main] INFO  BaseClass - User clicks on more tab and selects Giftcard option....
10:35:21.722 [main] INFO  BaseClass - User selects wedding gift card and selects Email option....
10:35:22.693 [main] INFO  BaseClass - Scrolll to that field and enter invalid email....
10:35:23.584 [main] INFO  BaseClass - click on buy now and capture the error message....
10:35:23.979 [main] INFO  BaseClass - User prints the error message....
10:35:24.841 [main] INFO  BaseClass - User clicks on Hotels tab....
10:35:26.529 [main] INFO  BaseClass - User clicks on guest button and then on adults....
10:35:34.416 [main] DEBUG org.apache.poi.openxml4j.opc.ZipPackage - Save core properties part
10:35:34.417 [main] DEBUG org.apache.poi.openxml4j.opc.ZipPackage - Save content types part
10:35:34.667 [main] DEBUG org.apache.poi.openxml4j.opc.ZipPackage - Save package relationships
10:35:34.687 [main] DEBUG org.apache.poi.openxml4j.opc.ZipPackage - Save part 'docProps/app.xml'
10:35:34.699 [main] DEBUG org.apache.poi.openxml4j.opc.ZipPackage - Save part 'docProps/core.xml'
10:35:34.717 [main] DEBUG org.apache.poi.openxml4j.opc.ZipPackage - Save part 'xl/sharedStrings.xml'
10:35:34.719 [main] DEBUG org.apache.poi.openxml4j.opc.ZipPackage - Save part 'xl/styles.xml'
10:35:34.720 [main] DEBUG org.apache.poi.openxml4j.opc.ZipPackage - Save part 'xl/workbook.xml'
10:35:34.725 [main] DEBUG org.apache.poi.openxml4j.opc.ZipPackage - Save part 'xl/worksheets/sheet1.xml'
10:35:34.736 [main] DEBUG org.apache.poi.openxml4j.opc.ZipPackage - Save content types part
10:35:34.741 [main] DEBUG org.apache.poi.openxml4j.opc.ZipPackage - Save package relationships
10:35:34.744 [main] DEBUG org.apache.poi.openxml4j.opc.ZipPackage - Save part 'docProps/app.xml'
10:35:34.745 [main] DEBUG org.apache.poi.openxml4j.opc.ZipPackage - Save part 'docProps/core.xml'
10:35:34.750 [main] DEBUG org.apache.poi.openxml4j.opc.ZipPackage - Save part 'xl/sharedStrings.xml'
10:35:34.751 [main] DEBUG org.apache.poi.openxml4j.opc.ZipPackage - Save part 'xl/styles.xml'
10:35:34.752 [main] DEBUG org.apache.poi.openxml4j.opc.ZipPackage - Save part 'xl/workbook.xml'
10:35:34.757 [main] DEBUG org.apache.poi.openxml4j.opc.ZipPackage - Save part 'xl/worksheets/sheet1.xml'
10:35:34.759 [main] INFO  BaseClass - get the list of number of adults and print it....
10:50:07.804 [main] DEBUG BaseClass - The user launched the webpage.....
10:50:09.071 [main] DEBUG BaseClass - User clicks on cab....
10:50:14.514 [main] DEBUG BaseClass - User enters from and to locations....
10:50:39.909 [main] INFO  BaseClass - User enters date and time and click on search....
10:50:40.660 [main] INFO  BaseClass - User selects car type as SUV....
10:50:41.077 [main] INFO  BaseClass - User prints the lowest car price....
10:51:04.223 [main] INFO  BaseClass - User clicks on more tab and selects Giftcard option....
10:51:07.324 [main] INFO  BaseClass - User selects wedding gift card and selects Email option....
10:51:08.720 [main] INFO  BaseClass - Scrolll to that field and enter invalid email....
10:51:09.574 [main] INFO  BaseClass - click on buy now and capture the error message....
10:51:09.857 [main] INFO  BaseClass - User prints the error message....
10:51:10.695 [main] INFO  BaseClass - User clicks on Hotels tab....
10:51:12.365 [main] INFO  BaseClass - User clicks on guest button and then on adults....
